<?xml version="1.0" encoding="UTF-8"?>
<testng-results ignored="0" total="2" passed="2" failed="0" skipped="0">
  <reporter-output>
  </reporter-output>
  <suite started-at="2021-02-18T20:38:05 WAT" name="Default suite" finished-at="2021-02-18T20:38:24 WAT" duration-ms="18908">
    <groups>
    </groups>
    <test started-at="2021-02-18T20:38:05 WAT" name="Default test" finished-at="2021-02-18T20:38:24 WAT" duration-ms="18908">
      <class name="test.login">
        <test-method is-config="true" signature="brun()[pri:0, instance:test.login@2cdd0d4b]" started-at="2021-02-18T20:38:05 WAT" name="brun" finished-at="2021-02-18T20:38:18 WAT" duration-ms="12545" status="PASS">
          <reporter-output>
          </reporter-output>
        </test-method> <!-- brun -->
        <test-method signature="log()[pri:0, instance:test.login@2cdd0d4b]" started-at="2021-02-18T20:38:18 WAT" name="log" finished-at="2021-02-18T20:38:22 WAT" duration-ms="4629" status="PASS">
          <reporter-output>
          </reporter-output>
        </test-method> <!-- log -->
        <test-method signature="logn()[pri:0, instance:test.login@2cdd0d4b]" started-at="2021-02-18T20:38:22 WAT" name="logn" finished-at="2021-02-18T20:38:23 WAT" duration-ms="429" status="PASS">
          <reporter-output>
          </reporter-output>
        </test-method> <!-- logn -->
        <test-method is-config="true" signature="arun()[pri:0, instance:test.login@2cdd0d4b]" started-at="2021-02-18T20:38:23 WAT" name="arun" finished-at="2021-02-18T20:38:24 WAT" duration-ms="1217" status="PASS">
          <reporter-output>
          </reporter-output>
        </test-method> <!-- arun -->
      </class> <!-- test.login -->
    </test> <!-- Default test -->
  </suite> <!-- Default suite -->
</testng-results>
