<?xml version="1.0" encoding="UTF-8"?>
<testng-results ignored="0" total="1" passed="1" failed="0" skipped="0">
  <reporter-output>
  </reporter-output>
  <suite started-at="2021-02-16T16:06:25 WAT" name="Default suite" finished-at="2021-02-16T16:06:53 WAT" duration-ms="28497">
    <groups>
    </groups>
    <test started-at="2021-02-16T16:06:25 WAT" name="Default test" finished-at="2021-02-16T16:06:53 WAT" duration-ms="28497">
      <class name="test.login">
        <test-method signature="log()[pri:0, instance:test.login@55f616cf]" started-at="2021-02-16T16:06:25 WAT" name="log" finished-at="2021-02-16T16:06:53 WAT" duration-ms="28441" status="PASS">
          <reporter-output>
          </reporter-output>
        </test-method> <!-- log -->
      </class> <!-- test.login -->
    </test> <!-- Default test -->
  </suite> <!-- Default suite -->
</testng-results>
